[    0.000000] Linux version 4.15.0-212-generic (buildd@lcy02-amd64-083) (gcc version 7.5.0 (Ubuntu 7.5.0-3ubuntu1~18.04)) #223-Ubuntu SMP Tue May 23 13:09:22 UTC 2023 (Ubuntu 4.15.0-212.223-generic 4.15.18)
[    0.000000] Command line: BOOT_IMAGE=/boot/vmlinuz-4.15.0-212-generic root=LABEL=cloudimg-rootfs ro console=tty1 console=ttyS0
[    0.000000] KERNEL supported cpus:
[    0.000000]   Intel GenuineIntel
[    0.000000]   AMD AuthenticAMD
[    0.000000]   Centaur CentaurHauls
[    0.000000] x86/fpu: Supporting XSAVE feature 0x001: 'x87 floating point registers'
[    0.000000] x86/fpu: Supporting XSAVE feature 0x002: 'SSE registers'
[    0.000000] x86/fpu: Supporting XSAVE feature 0x004: 'AVX registers'
[    0.000000] x86/fpu: xstate_offset[2]:  576, xstate_sizes[2]:  256
[    0.000000] x86/fpu: Enabled xstate features 0x7, context size is 832 bytes, using 'standard' format.
[    0.000000] e820: BIOS-provided physical RAM map:
[    0.000000] BIOS-e820: [mem 0x0000000000000000-0x000000000009fbff] usable
[    0.000000] BIOS-e820: [mem 0x000000000009fc00-0x000000000009ffff] reserved
[    0.000000] BIOS-e820: [mem 0x00000000000f0000-0x00000000000fffff] reserved
[    0.000000] BIOS-e820: [mem 0x0000000000100000-0x000000003ffeffff] usable
[    0.000000] BIOS-e820: [mem 0x000000003fff0000-0x000000003fffffff] ACPI data
[    0.000000] BIOS-e820: [mem 0x00000000fec00000-0x00000000fec00fff] reserved
[    0.000000] BIOS-e820: [mem 0x00000000fee00000-0x00000000fee00fff] reserved
[    0.000000] BIOS-e820: [mem 0x00000000fffc0000-0x00000000ffffffff] reserved
[    0.000000] NX (Execute Disable) protection: active
[    0.000000] SMBIOS 2.5 present.
[    0.000000] DMI: innotek GmbH VirtualBox/VirtualBox, BIOS VirtualBox 12/01/2006
[    0.000000] Hypervisor detected: KVM
[    0.000000] e820: last_pfn = 0x3fff0 max_arch_pfn = 0x400000000
[    0.000000] MTRR: Disabled
[    0.000000] x86/PAT: MTRRs disabled, skipping PAT initialization too.
[    0.000000] CPU MTRRs all blank - virtualized system.
[    0.000000] x86/PAT: Configuration [0-7]: WB  WT  UC- UC  WB  WT  UC- UC  
[    0.000000] found SMP MP-table at [mem 0x0009fff0-0x0009ffff]
[    0.000000] Scanning 1 areas for low memory corruption
[    0.000000] RAMDISK: [mem 0x359cb000-0x36cdcfff]
[    0.000000] ACPI: Early table checksum verification disabled
[    0.000000] ACPI: RSDP 0x00000000000E0000 000024 (v02 VBOX  )
[    0.000000] ACPI: XSDT 0x000000003FFF0030 00003C (v01 VBOX   VBOXXSDT 00000001 ASL  00000061)
[    0.000000] ACPI: FACP 0x000000003FFF00F0 0000F4 (v04 VBOX   VBOXFACP 00000001 ASL  00000061)
[    0.000000] ACPI: DSDT 0x000000003FFF0610 002353 (v02 VBOX   VBOXBIOS 00000002 INTL 20230628)
[    0.000000] ACPI: FACS 0x000000003FFF0200 000040
[    0.000000] ACPI: FACS 0x000000003FFF0200 000040
[    0.000000] ACPI: APIC 0x000000003FFF0240 00005C (v02 VBOX   VBOXAPIC 00000001 ASL  00000061)
[    0.000000] ACPI: SSDT 0x000000003FFF02A0 00036C (v01 VBOX   VBOXCPUT 00000002 INTL 20230628)
[    0.000000] ACPI: Reserving FACP table memory at [mem 0x3fff00f0-0x3fff01e3]
[    0.000000] ACPI: Reserving DSDT table memory at [mem 0x3fff0610-0x3fff2962]
[    0.000000] ACPI: Reserving FACS table memory at [mem 0x3fff0200-0x3fff023f]
[    0.000000] ACPI: Reserving FACS table memory at [mem 0x3fff0200-0x3fff023f]
[    0.000000] ACPI: Reserving APIC table memory at [mem 0x3fff0240-0x3fff029b]
[    0.000000] ACPI: Reserving SSDT table memory at [mem 0x3fff02a0-0x3fff060b]
[    0.000000] No NUMA configuration found
[    0.000000] Faking a node at [mem 0x0000000000000000-0x000000003ffeffff]
[    0.000000] NODE_DATA(0) allocated [mem 0x3ffc5000-0x3ffeffff]
[    0.000000] kvm-clock: cpu 0, msr 0:3ff44001, primary cpu clock
[    0.000000] kvm-clock: Using msrs 4b564d01 and 4b564d00
[    0.000000] kvm-clock: using sched offset of 2926260268 cycles
[    0.000000] clocksource: kvm-clock: mask: 0xffffffffffffffff max_cycles: 0x1cd42e4dffb, max_idle_ns: 881590591483 ns
[    0.000000] Zone ranges:
[    0.000000]   DMA      [mem 0x0000000000001000-0x0000000000ffffff]
[    0.000000]   DMA32    [mem 0x0000000001000000-0x000000003ffeffff]
[    0.000000]   Normal   empty
[    0.000000]   Device   empty
[    0.000000] Movable zone start for each node
[    0.000000] Early memory node ranges
[    0.000000]   node   0: [mem 0x0000000000001000-0x000000000009efff]
[    0.000000]   node   0: [mem 0x0000000000100000-0x000000003ffeffff]
[    0.000000] Reserved but unavailable: 104 pages
[    0.000000] Initmem setup node 0 [mem 0x0000000000001000-0x000000003ffeffff]
[    0.000000] ACPI: PM-Timer IO Port: 0x4008
[    0.000000] IOAPIC[0]: apic_id 2, version 32, address 0xfec00000, GSI 0-23
[    0.000000] ACPI: INT_SRC_OVR (bus 0 bus_irq 0 global_irq 2 dfl dfl)
[    0.000000] ACPI: INT_SRC_OVR (bus 0 bus_irq 9 global_irq 9 low level)
[    0.000000] Using ACPI (MADT) for SMP configuration information
[    0.000000] smpboot: Allowing 2 CPUs, 0 hotplug CPUs
[    0.000000] PM: Registered nosave memory: [mem 0x00000000-0x00000fff]
[    0.000000] PM: Registered nosave memory: [mem 0x0009f000-0x0009ffff]
[    0.000000] PM: Registered nosave memory: [mem 0x000a0000-0x000effff]
[    0.000000] PM: Registered nosave memory: [mem 0x000f0000-0x000fffff]
[    0.000000] e820: [mem 0x40000000-0xfebfffff] available for PCI devices
[    0.000000] Booting paravirtualized kernel on KVM
[    0.000000] clocksource: refined-jiffies: mask: 0xffffffff max_cycles: 0xffffffff, max_idle_ns: 7645519600211568 ns
[    0.000000] setup_percpu: NR_CPUS:8192 nr_cpumask_bits:2 nr_cpu_ids:2 nr_node_ids:1
[    0.000000] percpu: Embedded 50 pages/cpu s167936 r8192 d28672 u1048576
[    0.000000] PV qspinlock hash table entries: 256 (order: 0, 4096 bytes)
[    0.000000] Built 1 zonelists, mobility grouping on.  Total pages: 257913
[    0.000000] Policy zone: DMA32
[    0.000000] Kernel command line: BOOT_IMAGE=/boot/vmlinuz-4.15.0-212-generic root=LABEL=cloudimg-rootfs ro console=tty1 console=ttyS0
[    0.000000] Memory: 982644K/1048120K available (12300K kernel code, 2477K rwdata, 4324K rodata, 2480K init, 2720K bss, 65476K reserved, 0K cma-reserved)
[    0.000000] SLUB: HWalign=64, Order=0-3, MinObjects=0, CPUs=2, Nodes=1
[    0.000000] Kernel/User page tables isolation: enabled
[    0.000000] ftrace: allocating 39508 entries in 155 pages
[    0.004000] Hierarchical RCU implementation.
[    0.004000] 	RCU restricting CPUs from NR_CPUS=8192 to nr_cpu_ids=2.
[    0.004000] 	Tasks RCU enabled.
[    0.004000] RCU: Adjusting geometry for rcu_fanout_leaf=16, nr_cpu_ids=2
[    0.004000] NR_IRQS: 524544, nr_irqs: 440, preallocated irqs: 16
[    0.004000] random: crng init done
[    0.004000] Console: colour VGA+ 80x25
[    0.004000] console [tty1] enabled
[    0.004000] console [ttyS0] enabled
[    0.004000] ACPI: Core revision 20170831
[    0.004000] ACPI: 2 ACPI AML tables successfully acquired and loaded
[    0.004000] APIC: Switch to symmetric I/O mode setup
[    0.004000] x2apic enabled
[    0.004000] Switched APIC routing to physical x2apic.
[    0.004000] ..TIMER: vector=0x30 apic1=0 pin1=2 apic2=-1 pin2=-1
[    0.004000] tsc: Detected 2495.998 MHz processor
[    0.004000] Calibrating delay loop (skipped) preset value.. 4991.99 BogoMIPS (lpj=9983992)
[    0.004010] pid_max: default: 32768 minimum: 301
[    0.005040] Security Framework initialized
[    0.006395] Yama: becoming mindful.
[    0.008050] AppArmor: AppArmor initialized
[    0.012780] Dentry cache hash table entries: 131072 (order: 8, 1048576 bytes)
[    0.016069] Inode-cache hash table entries: 65536 (order: 7, 524288 bytes)
[    0.017493] Mount-cache hash table entries: 2048 (order: 2, 16384 bytes)
[    0.018776] Mountpoint-cache hash table entries: 2048 (order: 2, 16384 bytes)
[    0.020000] Last level iTLB entries: 4KB 0, 2MB 0, 4MB 0
[    0.020000] Last level dTLB entries: 4KB 0, 2MB 0, 4MB 0, 1GB 0
[    0.020013] Spectre V1 : Mitigation: usercopy/swapgs barriers and __user pointer sanitization
[    0.024015] Spectre V2 : Mitigation: Retpolines
[    0.025308] Spectre V2 : Spectre v2 / SpectreRSB mitigation: Filling RSB on context switch
[    0.028000] Spectre V2 : Spectre v2 / SpectreRSB : Filling RSB on VMEXIT
[    0.028000] Speculative Store Bypass: Vulnerable
[    0.028000] MDS: Mitigation: Clear CPU buffers
[    0.028257] Freeing SMP alternatives memory: 36K
[    0.149577] smpboot: CPU0: 12th Gen Intel(R) Core(TM) i5-1235U (family: 0x6, model: 0x9a, stepping: 0x4)
[    0.151216] Performance Events: unsupported p6 CPU model 154 no PMU driver, software events only.
[    0.152000] Hierarchical SRCU implementation.
[    0.152427] NMI watchdog: Perf event create on CPU 0 failed with -2
[    0.154377] NMI watchdog: Perf NMI watchdog permanently disabled
[    0.156057] smp: Bringing up secondary CPUs ...
[    0.157187] x86: Booting SMP configuration:
[    0.160008] .... node  #0, CPUs:      #1
[    0.004000] kvm-clock: cpu 1, msr 0:3ff44041, secondary cpu clock
[    0.164029] smp: Brought up 1 node, 2 CPUs
[    0.165400] smpboot: Max logical packages: 1
[    0.166714] smpboot: Total of 2 processors activated (9983.99 BogoMIPS)
[    0.168245] devtmpfs: initialized
[    0.168911] x86/mm: Memory block size: 128MB
[    0.169937] evm: security.selinux
[    0.172006] evm: security.SMACK64
[    0.172904] evm: security.SMACK64EXEC
[    0.173779] evm: security.SMACK64TRANSMUTE
[    0.174779] evm: security.SMACK64MMAP
[    0.176006] evm: security.apparmor
[    0.177194] evm: security.ima
[    0.178263] evm: security.capability
[    0.180117] clocksource: jiffies: mask: 0xffffffff max_cycles: 0xffffffff, max_idle_ns: 7645041785100000 ns
[    0.184052] futex hash table entries: 512 (order: 3, 32768 bytes)
[    0.186839] pinctrl core: initialized pinctrl subsystem
[    0.189517] RTC time:  9:55:54, date: 09/30/24
[    0.192296] NET: Registered protocol family 16
[    0.194479] audit: initializing netlink subsys (disabled)
[    0.196060] audit: type=2000 audit(1727690159.091:1): state=initialized audit_enabled=0 res=1
[    0.198528] cpuidle: using governor ladder
[    0.200026] cpuidle: using governor menu
[    0.201789] ACPI: bus type PCI registered
[    0.204008] acpiphp: ACPI Hot Plug PCI Controller Driver version: 0.5
[    0.206236] PCI: Using configuration type 1 for base access
[    0.209169] HugeTLB registered 2.00 MiB page size, pre-allocated 0 pages
[    0.212081] ACPI: Added _OSI(Module Device)
[    0.213442] ACPI: Added _OSI(Processor Device)
[    0.216004] ACPI: Added _OSI(3.0 _SCP Extensions)
[    0.217733] ACPI: Added _OSI(Processor Aggregator Device)
[    0.220009] ACPI: Added _OSI(Linux-Dell-Video)
[    0.221618] ACPI: Added _OSI(Linux-Lenovo-NV-HDMI-Audio)
[    0.223421] ACPI: Added _OSI(Linux-HPI-Hybrid-Graphics)
[    0.224616] ACPI: Executed 1 blocks of module-level executable AML code
[    0.233242] ACPI: Interpreter enabled
[    0.234916] ACPI: (supports S0 S5)
[    0.236009] ACPI: Using IOAPIC for interrupt routing
[    0.238460] PCI: Using host bridge windows from ACPI; if necessary, use "pci=nocrs" and report a bug
[    0.240199] ACPI: Enabled 2 GPEs in block 00 to 07
[    0.247934] ACPI: PCI Root Bridge [PCI0] (domain 0000 [bus 00-ff])
[    0.248015] acpi PNP0A03:00: _OSC: OS supports [ASPM ClockPM Segments MSI]
[    0.252655] acpi PNP0A03:00: _OSC: not requesting OS control; OS requires [ExtendedConfig ASPM ClockPM MSI]
[    0.256026] acpi PNP0A03:00: fail to add MMCONFIG information, can't access extended PCI configuration space under this bridge.
[    0.260828] PCI host bridge to bus 0000:00
[    0.262134] pci_bus 0000:00: root bus resource [io  0x0000-0x0cf7 window]
[    0.264007] pci_bus 0000:00: root bus resource [io  0x0d00-0xffff window]
[    0.265388] pci_bus 0000:00: root bus resource [mem 0x000a0000-0x000bffff window]
[    0.268013] pci_bus 0000:00: root bus resource [mem 0x40000000-0xfdffffff window]
[    0.271073] pci_bus 0000:00: root bus resource [bus 00-ff]
[    0.273898] pci 0000:00:01.1: legacy IDE quirk: reg 0x10: [io  0x01f0-0x01f7]
[    0.276030] pci 0000:00:01.1: legacy IDE quirk: reg 0x14: [io  0x03f6]
[    0.277498] pci 0000:00:01.1: legacy IDE quirk: reg 0x18: [io  0x0170-0x0177]
[    0.279148] pci 0000:00:01.1: legacy IDE quirk: reg 0x1c: [io  0x0376]
[    0.300381] pci 0000:00:07.0: quirk: [io  0x4000-0x403f] claimed by PIIX4 ACPI
[    0.303741] pci 0000:00:07.0: quirk: [io  0x4100-0x410f] claimed by PIIX4 SMB
[    0.314775] ACPI: PCI Interrupt Link [LNKA] (IRQs 5 9 10 *11)
[    0.316427] ACPI: PCI Interrupt Link [LNKB] (IRQs 5 9 *10 11)
[    0.318836] ACPI: PCI Interrupt Link [LNKC] (IRQs 5 *9 10 11)
[    0.320278] ACPI: PCI Interrupt Link [LNKD] (IRQs 5 9 10 *11)
[    0.324084] SCSI subsystem initialized
[    0.325621] pci 0000:00:02.0: vgaarb: setting as boot VGA device
[    0.327031] pci 0000:00:02.0: vgaarb: VGA device added: decodes=io+mem,owns=io+mem,locks=none
[    0.328023] pci 0000:00:02.0: vgaarb: bridge control possible
[    0.332002] vgaarb: loaded
[    0.332616] ACPI: bus type USB registered
[    0.333470] usbcore: registered new interface driver usbfs
[    0.334537] usbcore: registered new interface driver hub
[    0.336017] usbcore: registered new device driver usb
[    0.337382] EDAC MC: Ver: 3.0.0
[    0.337382] PCI: Using ACPI for IRQ routing
[    0.340374] NetLabel: Initializing
[    0.341690] NetLabel:  domain hash size = 128
[    0.343230] NetLabel:  protocols = UNLABELED CIPSOv4 CALIPSO
[    0.344031] NetLabel:  unlabeled traffic allowed by default
[    0.348089] clocksource: Switched to clocksource kvm-clock
[    0.357227] VFS: Disk quotas dquot_6.6.0
[    0.360733] VFS: Dquot-cache hash table entries: 512 (order 0, 4096 bytes)
[    0.362520] AppArmor: AppArmor Filesystem Enabled
[    0.363602] pnp: PnP ACPI init
[    0.364643] pnp: PnP ACPI: found 3 devices
[    0.375061] clocksource: acpi_pm: mask: 0xffffff max_cycles: 0xffffff, max_idle_ns: 2085701024 ns
[    0.377768] NET: Registered protocol family 2
[    0.379484] IP idents hash table entries: 16384 (order: 5, 131072 bytes)
[    0.381777] TCP established hash table entries: 8192 (order: 4, 65536 bytes)
[    0.384098] TCP bind hash table entries: 8192 (order: 5, 131072 bytes)
[    0.386541] TCP: Hash tables configured (established 8192 bind 8192)
[    0.389341] UDP hash table entries: 512 (order: 2, 16384 bytes)
[    0.390485] UDP-Lite hash table entries: 512 (order: 2, 16384 bytes)
[    0.391905] NET: Registered protocol family 1
[    0.393057] pci 0000:00:00.0: Limiting direct PCI/PCI transfers
[    0.393284] pci 0000:00:01.0: Activating ISA DMA hang workarounds
[    0.393284] pci 0000:00:02.0: Video device with shadowed ROM at [mem 0x000c0000-0x000dffff]
[    0.393284] Unpacking initramfs...
[    0.393284] Freeing initrd memory: 19528K
[    0.393284] clocksource: tsc: mask: 0xffffffffffffffff max_cycles: 0x23fa754787d, max_idle_ns: 440795210092 ns
[    0.393284] platform rtc_cmos: registered platform RTC device (no PNP device found)
[    0.393284] Scanning for low memory corruption every 60 seconds
[    0.626323] Initialise system trusted keyrings
[    0.627111] Key type blacklist registered
[    0.627843] workingset: timestamp_bits=36 max_order=18 bucket_order=0
[    0.629508] zbud: loaded
[    0.630330] squashfs: version 4.0 (2009/01/31) Phillip Lougher
[    0.631400] fuse init (API version 7.26)
[    0.633543] Key type asymmetric registered
[    0.634286] Asymmetric key parser 'x509' registered
[    0.635152] Block layer SCSI generic (bsg) driver version 0.4 loaded (major 246)
[    0.636434] io scheduler noop registered
[    0.637117] io scheduler deadline registered
[    0.637931] io scheduler cfq registered (default)
[    0.638989] ACPI: AC Adapter [AC] (on-line)
[    0.639813] input: Power Button as /devices/LNXSYSTM:00/LNXPWRBN:00/input/input0
[    0.641203] ACPI: Power Button [PWRF]
[    0.642033] input: Sleep Button as /devices/LNXSYSTM:00/LNXSLPBN:00/input/input1
[    0.643392] ACPI: Sleep Button [SLPF]
[    0.644750] ACPI: Battery Slot [BAT0] (battery present)
[    0.645860] Serial: 8250/16550 driver, 32 ports, IRQ sharing enabled
[    0.667376] 00:02: ttyS0 at I/O 0x3f8 (irq = 4, base_baud = 115200) is a 16550A
[    0.670249] Linux agpgart interface v0.103
[    0.676013] loop: module loaded
[    0.677055] scsi host0: ata_piix
[    0.677796] scsi host1: ata_piix
[    0.678386] ata1: PATA max UDMA/33 cmd 0x1f0 ctl 0x3f6 bmdma 0xd000 irq 14
[    0.679512] ata2: PATA max UDMA/33 cmd 0x170 ctl 0x376 bmdma 0xd008 irq 15
[    0.680952] tun: Universal TUN/TAP device driver, 1.6
[    0.682034] PPP generic driver version 2.4.2
[    0.682899] ehci_hcd: USB 2.0 'Enhanced' Host Controller (EHCI) Driver
[    0.684103] ehci-pci: EHCI PCI platform driver
[    0.684967] ehci-platform: EHCI generic platform driver
[    0.685957] ohci_hcd: USB 1.1 'Open' Host Controller (OHCI) Driver
[    0.687079] ohci-pci: OHCI PCI platform driver
[    0.687984] ohci-platform: OHCI generic platform driver
[    0.688978] uhci_hcd: USB Universal Host Controller Interface driver
[    0.690157] i8042: PNP: PS/2 Controller [PNP0303:PS2K,PNP0f03:PS2M] at 0x60,0x64 irq 1,12
[    0.692027] serio: i8042 KBD port at 0x60,0x64 irq 1
[    0.693072] serio: i8042 AUX port at 0x60,0x64 irq 12
[    0.694116] mousedev: PS/2 mouse device common for all mice
[    0.695559] rtc_cmos rtc_cmos: rtc core: registered rtc_cmos as rtc0
[    0.697108] input: AT Translated Set 2 keyboard as /devices/platform/i8042/serio0/input/input2
[    0.698606] rtc_cmos rtc_cmos: alarms up to one day, 114 bytes nvram
[    0.699794] i2c /dev entries driver
[    0.700475] device-mapper: uevent: version 1.0.3
[    0.701412] device-mapper: ioctl: 4.37.0-ioctl (2017-09-20) initialised: dm-devel@redhat.com
[    0.702837] ledtrig-cpu: registered to indicate activity on CPUs
[    0.704185] NET: Registered protocol family 10
[    0.708547] Segment Routing with IPv6
[    0.709244] NET: Registered protocol family 17
[    0.710084] Key type dns_resolver registered
[    0.710946] mce: Using 0 MCE banks
[    0.711540] RAS: Correctable Errors collector initialized.
[    0.712511] sched_clock: Marking stable (712486439, 0)->(924627616, -212141177)
[    0.714330] registered taskstats version 1
[    0.715052] Loading compiled-in X.509 certificates
[    0.718208] Loaded X.509 cert 'Build time autogenerated kernel key: b5b26778eaa3ab3a4a6cee031137706e947d12ad'
[    0.720449] Loaded X.509 cert 'Canonical Ltd. Live Patch Signing: 14df34d1a87cf37625abec039ef2bf521249b969'
[    0.722548] Loaded X.509 cert 'Canonical Ltd. Kernel Module Signing: 88f752e560a1e0737e31163a466ad7b70a850c19'
[    0.724114] blacklist: Loading compiled-in revocation X.509 certificates
[    0.726016] Loaded X.509 cert 'Canonical Ltd. Secure Boot Signing: 61482aa2830d0ab2ad5af10b7250da9033ddcef0'
[    0.729579] Loaded X.509 cert 'Canonical Ltd. Secure Boot Signing (2017): 242ade75ac4a15e50d50c84b0d45ff3eae707a03'
[    0.733058] Loaded X.509 cert 'Canonical Ltd. Secure Boot Signing (ESM 2018): 365188c1d374d6b07c3c8f240f8ef722433d6a8b'
[    0.735188] Loaded X.509 cert 'Canonical Ltd. Secure Boot Signing (2019): c0746fd6c5da3ae827864651ad66ae47fe24b3e8'
[    0.737157] Loaded X.509 cert 'Canonical Ltd. Secure Boot Signing (2021 v1): a8d54bbb3825cfb94fa13c9f8a594a195c107b8d'
[    0.738999] Loaded X.509 cert 'Canonical Ltd. Secure Boot Signing (2021 v2): 4cf046892d6fd3c9a5b03f98d845f90851dc6a8c'
[    0.740789] Loaded X.509 cert 'Canonical Ltd. Secure Boot Signing (2021 v3): 100437bb6de6e469b581e61cd66bce3ef4ed53af'
[    0.742548] Loaded X.509 cert 'Canonical Ltd. Secure Boot Signing (Ubuntu Core 2019): c1d57b8f6b743f23ee41f4f7ee292f06eecadfb9'
[    0.744391] zswap: loaded using pool lzo/zbud
[    0.747019] Key type big_key registered
[    0.747747] Key type trusted registered
[    0.749717] Key type encrypted registered
[    0.750494] AppArmor: AppArmor sha1 policy hashing enabled
[    0.751455] ima: No TPM chip found, activating TPM-bypass! (rc=-19)
[    0.752486] ima: Allocated hash algorithm: sha1
[    0.753274] evm: HMAC attrs: 0x1
[    0.754212]   Magic number: 8:119:931
[    0.755181] rtc_cmos rtc_cmos: setting system clock to 2024-09-30 09:55:54 UTC (1727690154)
[    0.756909] BIOS EDD facility v0.16 2004-Jun-25, 0 devices found
[    0.758044] EDD information not available.
[    0.866537] Freeing unused kernel image memory: 2480K
[    1.396368] Write protecting the kernel read-only data: 20480k
[    1.398798] Freeing unused kernel image memory: 2008K
[    1.400710] Freeing unused kernel image memory: 1820K
[    1.406571] x86/mm: Checked W+X mappings: passed, no W+X pages found.
[    1.407885] x86/mm: Checking user space page tables
[    1.415411] x86/mm: Checked W+X mappings: passed, no W+X pages found.
Loading, please wait...
starting version 237
[    1.489805] e1000: Intel(R) PRO/1000 Network Driver - version 7.3.21-k8-NAPI
[    1.492868] e1000: Copyright (c) 1999-2006 Intel Corporation.
[    1.495454] Fusion MPT base driver 3.04.20
[    1.496442] Copyright (c) 1999-2008 LSI Corporation
[    1.511306] AVX2 version of gcm_enc/dec engaged.
[    1.512633] AES CTR mode by8 optimization enabled
[    1.515754] Fusion MPT SPI Host driver 3.04.20
[    1.707647] input: ImExPS/2 Generic Explorer Mouse as /devices/platform/i8042/serio1/input/input4
[    1.853823] e1000 0000:00:03.0 eth0: (PCI:33MHz:32-bit) 02:3b:7b:b7:3b:2d
[    1.855942] e1000 0000:00:03.0 eth0: Intel(R) PRO/1000 Network Connection
[    1.859849] mptbase: ioc0: Initiating bringup
[    1.969116] ioc0: LSI53C1030 A0: Capabilities={Initiator}
[    2.213375] scsi host2: ioc0: LSI53C1030 A0, FwRev=00000000h, Ports=1, MaxQ=256, IRQ=20
[    2.380606] scsi 2:0:0:0: Direct-Access     VBOX     HARDDISK         1.0  PQ: 0 ANSI: 5
[    2.416080] scsi target2:0:0: Beginning Domain Validation
[    2.466926] scsi target2:0:0: Domain Validation skipping write tests
[    2.468304] scsi target2:0:0: Ending Domain Validation
[    2.477592] scsi target2:0:0: asynchronous
[    2.490947] scsi 2:0:1:0: Direct-Access     VBOX     HARDDISK         1.0  PQ: 0 ANSI: 5
[    2.704131] scsi target2:0:1: Beginning Domain Validation
[    2.707913] scsi target2:0:1: Domain Validation skipping write tests
[    2.709896] scsi target2:0:1: Ending Domain Validation
[    2.711594] scsi target2:0:1: asynchronous
[    2.716118] sd 2:0:0:0: Attached scsi generic sg0 type 0
[    2.718734] sd 2:0:0:0: [sda] 83886080 512-byte logical blocks: (42.9 GB/40.0 GiB)
[    2.721414] sd 2:0:0:0: [sda] Write Protect is off
[    2.721736] sd 2:0:1:0: Attached scsi generic sg1 type 0
[    2.725098] sd 2:0:0:0: [sda] Incomplete mode parameter data
[    2.726850] sd 2:0:0:0: [sda] Assuming drive cache: write through
[    2.728878] sd 2:0:1:0: [sdb] 20480 512-byte logical blocks: (10.5 MB/10.0 MiB)
[    2.731200] sd 2:0:1:0: [sdb] Write Protect is off
[    2.733319]  sda: sda1
[    2.734880] sd 2:0:0:0: [sda] Attached SCSI disk
[    2.744318] sd 2:0:1:0: [sdb] Incomplete mode parameter data
[    2.746830] sd 2:0:1:0: [sdb] Assuming drive cache: write through
[    2.750006] e1000 0000:00:08.0 eth1: (PCI:33MHz:32-bit) 08:00:27:e8:bf:c9
[    2.753942] sd 2:0:1:0: [sdb] Attached SCSI disk
[    2.754317] e1000 0000:00:08.0 eth1: Intel(R) PRO/1000 Network Connection
[    2.760334] e1000 0000:00:08.0 enp0s8: renamed from eth1
[    2.776641] e1000 0000:00:03.0 enp0s3: renamed from eth0
Begin: Loading essential drivers ... [    4.193307] raid6: sse2x1   gen() 20421 MB/s
[    4.260250] raid6: sse2x1   xor() 14045 MB/s
[    4.308425] raid6: sse2x2   gen() 24702 MB/s
[    4.357221] raid6: sse2x2   xor() 13026 MB/s
[    4.408707] raid6: sse2x4   gen() 25181 MB/s
[    4.456891] raid6: sse2x4   xor()  9509 MB/s
[    4.505352] raid6: avx2x1   gen() 27705 MB/s
[    4.562884] raid6: avx2x1   xor() 26731 MB/s
[    4.615732] raid6: avx2x2   gen() 31157 MB/s
[    4.664311] raid6: avx2x2   xor() 12108 MB/s
[    4.713509] raid6: avx2x4   gen() 22031 MB/s
[    4.760306] raid6: avx2x4   xor() 11364 MB/s
[    4.761283] raid6: using algorithm avx2x2 gen() 31157 MB/s
[    4.762254] raid6: .... xor() 12108 MB/s, rmw enabled
[    4.763125] raid6: using avx2x2 recovery algorithm
[    4.765332] xor: automatically using best checksumming function   avx       
[    4.767455] async_tx: api initialized (async)
done.
Begin: Running /scripts/init-premount ... done.
Begin: Mounting root file system ... Begin: Running /scripts/local-top ... done.
Begin: Running /scripts/local-premount ... [    4.798253] Btrfs loaded, crc32c=crc32c-intel
Scanning for Btrfs filesystems
done.
Warning: fsck not present, so skipping root file system
[    4.815130] EXT4-fs (sda1): mounted filesystem with ordered data mode. Opts: (null)
done.
Begin: Running /scripts/local-bottom ... done.
Begin: Running /scripts/init-bottom ... done.
[    4.954521] ip_tables: (C) 2000-2006 Netfilter Core Team
[    4.962926] systemd[1]: systemd 237 running in system mode. (+PAM +AUDIT +SELINUX +IMA +APPARMOR +SMACK +SYSVINIT +UTMP +LIBCRYPTSETUP +GCRYPT +GNUTLS +ACL +XZ +LZ4 +SECCOMP +BLKID +ELFUTILS +KMOD -IDN2 +IDN -PCRE2 default-hierarchy=hybrid)
[    4.969548] systemd[1]: Detected virtualization oracle.
[    4.971644] systemd[1]: Detected architecture x86-64.

Welcome to [1mUbuntu 18.04.6 LTS[0m!

[    4.980666] systemd[1]: Set hostname to <ubuntu>.
[    4.986879] systemd[1]: Initializing machine ID from random generator.
[    4.990045] systemd[1]: Installed transient /etc/machine-id file.
[    5.181995] systemd[1]: Created slice System Slice.
[[0;32m  OK  [0m] Created slice System Slice.
[    5.184121] systemd[1]: Listening on Journal Socket (/dev/log).
[[0;32m  OK  [0m] Listening on Journal Socket (/dev/log).
[    5.187565] systemd[1]: Reached target User and Group Name Lookups.
[[0;32m  OK  [0m] Reached target User and Group Name Lookups.
[    5.190210] systemd[1]: Reached target Mounting snaps.
[[0;32m  OK  [0m] Reached target Mounting snaps.
[[0;32m  OK  [0m] Started Forward Password Requests to Wall Directory Watch.
[[0;32m  OK  [0m] Reached target System Time Synchronized.
[[0;32m  OK  [0m] Listening on Network Service Netlink Socket.
[[0;32m  OK  [0m] Reached target Mounted snaps.
[[0;32m  OK  [0m] Listening on /dev/initctl Compatibility Named Pipe.
[[0;32m  OK  [0m] Reached target Swap.
[[0;32m  OK  [0m] Listening on udev Control Socket.
[[0;32m  OK  [0m] Listening on Journal Socket.
         Mounting Huge Pages File System...
         Starting Uncomplicated firewall...
         Starting Create list of required st…ce nodes for the current kernel...
         Mounting POSIX Message Queue File System...
[[0;32m  OK  [0m] Listening on LVM2 poll daemon socket.
[[0;32m  OK  [0m] Listening on Syslog Socket.
         Starting Set the console keyboard layout...
[[0;32m  OK  [0m] Set up automount Arbitrary Executab…rmats File System Automount Point.
[[0;32m  OK  [0m] Listening on Device-mapper event daemon FIFOs.
[[0;32m  OK  [0m] Listening on LVM2 metadata daemon socket.
         Starting Monitoring of LVM2 mirrors…ng dmeventd or progress polling...
[[0;32m  OK  [0m] Listening on Journal Audit Socket.
         Starting Journal Service...
         Starting Load Kernel Modules...
         Mounting Kernel Debug File System...
[[0;32m  OK  [0m] Created slice system-serial\x2dgetty.slice.
[[0;32m  OK  [0m] Created slice User and Session Slice.
[[0;32m  OK  [0m] Reached target Slices.
[[0;32m  OK  [0m] Listening on fsck to fsckd communication Socket.
         Starting File System Check on Root Device...
[[0;32m  OK  [0m] Listening on udev Kernel Socket.
         Starting udev Coldplug all Devices...
[[0;32m  OK  [0m] Mounted Huge Pages File System.
[[0;32m  OK  [0m] Started Uncomplicated firewall.
[[0;32m  OK  [0m] Started Create list of required sta…vice nodes for the current kernel.
[[0;32m  OK  [0m] Mounted POSIX Message Queue File System.
[[0;32m  OK  [0m] Mounted Kernel Debug File System.
[[0;32m  OK  [0m] Started LVM2 metadata daemon.
         Starting Create Static Device Nodes in /dev...
[[0;32m  OK  [0m] Started Journal Service.
[    5.288434] Loading iSCSI transport class v2.0-870.
[    5.292791] iscsi: registered transport (tcp)
[    5.303364] iscsi: registered transport (iser)
[[0;32m  OK  [0m] Started Load Kernel Modules.
         Starting Apply Kernel Variables...
         Mounting Kernel Configuration File System...
         Mounting FUSE Control File System...
[[0;32m  OK  [0m] Started File System Check Daemon to report status.
[[0;32m  OK  [0m] Mounted FUSE Control File System.
[[0;32m  OK  [0m] Mounted Kernel Configuration File System.
[[0;32m  OK  [0m] Started Create Static Device Nodes in /dev.
[[0;32m  OK  [0m] Started udev Coldplug all Devices.
[[0;32m  OK  [0m] Started Monitoring of LVM2 mirrors,…sing dmeventd or progress polling.
[[0;32m  OK  [0m] Started File System Check on Root Device.
[[0;32m  OK  [0m] Started Apply Kernel Variables.
         Starting Remount Root and Kernel File Systems...
[[0;32m  OK  [0m] Started Remount Root and Kernel File Systems.
         Starting Load/Save Random Seed...
         Starting udev Kernel Device Manager...
         Starting Flush Journal to Persistent Storage...
[[0;32m  OK  [0m] Started Load/Save Random Seed.
[[0;32m  OK  [0m] Started udev Kernel Device Manager.
[[0;32m  OK  [0m] Started Flush Journal to Persistent Storage.
[[0;32m  OK  [0m] Found device /dev/ttyS0.
         Mounting Arbitrary Executable File Formats File System...
[[0;32m  OK  [0m] Listening on Load/Save RF Kill Switch Status /dev/rfkill Watch.
[[0;32m  OK  [0m] Mounted Arbitrary Executable File Formats File System.
[[0;32m  OK  [0m] Started Set the console keyboard layout.
[[0;32m  OK  [0m] Reached target Local File Systems (Pre).
[[0;32m  OK  [0m] Reached target Local File Systems.
         Starting Tell Plymouth To Write Out Runtime Data...
         Starting Set console font and keymap...
         Starting AppArmor initialization...
         Starting Commit a transient machine-id on disk...
         Starting ebtables ruleset management...
         Starting Create Volatile Files and Directories...
[[0;32m  OK  [0m] Started Dispatch Password Requests to Console Directory Watch.
[[0;32m  OK  [0m] Reached target Local Encrypted Volumes.
[[0;32m  OK  [0m] Started Tell Plymouth To Write Out Runtime Data.
[[0;32m  OK  [0m] Started Create Volatile Files and Directories.
         Starting Update UTMP about System Boot/Shutdown...
[[0;32m  OK  [0m] Started Update UTMP about System Boot/Shutdown.
[[0;32m  OK  [0m] Started Commit a transient machine-id on disk.
[[0;32m  OK  [0m] Started ebtables ruleset management.
[[0;32m  OK  [0m] Started AppArmor initialization.
         Starting Load AppArmor profiles managed internally by snapd...
         Starting Initial cloud-init job (pre-networking)...
[[0;32m  OK  [0m] Started Load AppArmor profiles managed internally by snapd.
[[0;32m  OK  [0m] Started Set console font and keymap.
[    7.847240] cloud-init[705]: Cloud-init v. 23.1.2-0ubuntu0~18.04.1 running 'init-local' at Mon, 30 Sep 2024 09:56:01 +0000. Up 7.64 seconds.
[[0;32m  OK  [0m] Started Initial cloud-init job (pre-networking).
[[0;32m  OK  [0m] Reached target Network (Pre).
         Starting Network Service...
[[0;32m  OK  [0m] Started Network Service.
         Starting Network Name Resolution...
         Starting Wait for Network to be Configured...
[[0;32m  OK  [0m] Started Network Name Resolution.
[[0;32m  OK  [0m] Reached target Network.
[[0;32m  OK  [0m] Reached target Host and Network Name Lookups.
[[0;32m  OK  [0m] Started Wait for Network to be Configured.
         Starting Initial cloud-init job (metadata service crawler)...
[   10.166542] cloud-init[1011]: Cloud-init v. 23.1.2-0ubuntu0~18.04.1 running 'init' at Mon, 30 Sep 2024 09:56:03 +0000. Up 10.10 seconds.
[   10.167620] cloud-init[1011]: ci-info: ++++++++++++++++++++++++++++++++++++++Net device info+++++++++++++++++++++++++++++++++++++++
[   10.168835] cloud-init[1011]: ci-info: +--------+-------+----------------------------+---------------+--------+-------------------+
[   10.169855] cloud-init[1011]: ci-info: | Device |   Up  |          Address           |      Mask     | Scope  |     Hw-Address    |
[   10.170893] cloud-init[1011]: ci-info: +--------+-------+----------------------------+---------------+--------+-------------------+
[   10.171963] cloud-init[1011]: ci-info: | enp0s3 |  True |         10.0.2.15          | 255.255.255.0 | global | 02:3b:7b:b7:3b:2d |
[   10.173084] cloud-init[1011]: ci-info: | enp0s3 |  True | fe80::3b:7bff:feb7:3b2d/64 |       .       |  link  | 02:3b:7b:b7:3b:2d |
[   10.174068] cloud-init[1011]: ci-info: | enp0s8 | False |             .              |       .       |   .    | 08:00:27:e8:bf:c9 |
[   10.184390] cloud-init[1011]: ci-info: |   lo   |  True |         127.0.0.1          |   255.0.0.0   |  host  |         .         |
[   10.186106] cloud-init[1011]: ci-info: |   lo   |  True |          ::1/128           |       .       |  host  |         .         |
[   10.188232] cloud-init[1011]: ci-info: +--------+-------+----------------------------+---------------+--------+-------------------+
[   10.200372] cloud-init[1011]: ci-info: ++++++++++++++++++++++++++++Route IPv4 info+++++++++++++++++++++++++++++
[   10.202070] cloud-init[1011]: ci-info: +-------+-------------+----------+-----------------+-----------+-------+
[   10.205321] cloud-init[1011]: ci-info: | Route | Destination | Gateway  |     Genmask     | Interface | Flags |
[   10.216279] cloud-init[1011]: ci-info: +-------+-------------+----------+-----------------+-----------+-------+
[   10.217366] cloud-init[1011]: ci-info: |   0   |   0.0.0.0   | 10.0.2.2 |     0.0.0.0     |   enp0s3  |   UG  |
[   10.218319] cloud-init[1011]: ci-info: |   1   |   10.0.2.0  | 0.0.0.0  |  255.255.255.0  |   enp0s3  |   U   |
[   10.219207] cloud-init[1011]: ci-info: |   2   |   10.0.2.2  | 0.0.0.0  | 255.255.255.255 |   enp0s3  |   UH  |
[   10.220183] cloud-init[1011]: ci-info: +-------+-------------+----------+-----------------+-----------+-------+
[   10.221173] cloud-init[1011]: ci-info: +++++++++++++++++++Route IPv6 info+++++++++++++++++++
[   10.222061] cloud-init[1011]: ci-info: +-------+-------------+---------+-----------+-------+
[   10.232253] cloud-init[1011]: ci-info: | Route | Destination | Gateway | Interface | Flags |
[   10.233014] cloud-init[1011]: ci-info: +-------+-------------+---------+-----------+-------+
[   10.233752] cloud-init[1011]: ci-info: |   1   |  fe80::/64  |    ::   |   enp0s3  |   U   |
[   10.235071] cloud-init[1011]: ci-info: |   3   |    local    |    ::   |   enp0s3  |   U   |
[   10.236698] cloud-init[1011]: ci-info: |   4   |   ff00::/8  |    ::   |   enp0s3  |   U   |
[   10.239163] cloud-init[1011]: ci-info: +-------+-------------+---------+-----------+-------+
[   11.092362] cloud-init[1011]: Generating public/private rsa key pair.
[   11.112192] cloud-init[1011]: Your identification has been saved in /etc/ssh/ssh_host_rsa_key.
[   11.113040] cloud-init[1011]: Your public key has been saved in /etc/ssh/ssh_host_rsa_key.pub.
[   11.113968] cloud-init[1011]: The key fingerprint is:
[[   11.124134] [0;32m  OK  [0mcloud-init] [1011]: Started Initial cloud-init job (metadata service crawler).SHA256:2HkvKYHIytMApakx4z24fjpZJWk8Egp9UEOhnlO6LBs root@ubuntu-bionic

[[   11.125650] cloud-init[1011]: The key's randomart image is:
[   11.125793] cloud-init[1011]: +---[RSA 2048]----+
[   11.126105] cloud-init[1011]: | .o+=.           |
[   11.126426] cloud-init[1011]: |.=....           |
[   11.126734] cloud-init[1011]: |X +.o            |
[   11.127068] cloud-init[1011]: |+Bo@ o + .       |
[   11.127461] cloud-init[1011]: |.oOo* o S .      |
[   11.127953] cloud-init[1011]: | o.B.    o o     |
[   11.128322] cloud-init[1011]: |E.O .   . o .    |
[   11.128543] cloud-init[1011]: |.* o     . .     |
[   11.128886] cloud-init[1011]: |.o+              |
[   11.129366] cloud-init[1011]: +----[SHA256]-----+
[   11.129707] cloud-init[1011]: Generating public/private dsa key pair.
[   11.129825] cloud-init[1011]: Your identification has been saved in /etc/ssh/ssh_host_dsa_key.
[   11.130198] cloud-init[1011]: Your public key has been saved in /etc/ssh/ssh_host_dsa_key.pub.
[   11.130656] cloud-init[1011]: The key fingerprint is:
[   11.131004] cloud-init[1011]: SHA256:LS/s7e0PA5oTTnB9KAddwtfF24P+YttXK6XUtm/IFqs root@ubuntu-bionic
[   11.131354] cloud-init[1011]: The key's randomart image is:
[   11.131707] cloud-init[1011]: +---[DSA 1024]----+
[   11.132314] cloud-init[1011]: |        .o.... o.|
[   11.132675] cloud-init[1011]: |         ooo. . .|
[   11.133043] cloud-init[1011]: |      . o +.. . o|
[   11.133431] cloud-init[1011]: |       o + . . o.|
[   11.133769] cloud-init[1011]: |        S o . . .|
[   11.134148] cloud-init[1011]: |       + * . o.+.|
[   11.134487] cloud-init[1011]: |        B . +.=++|
[   11.134866] cloud-init[1011]: |       . + . B*+o|
[   11.135170] cloud-init[1011]: |        ..o.E==o+|
[   11.135289] cloud-init[1011]: +----[SHA256]-----+
[   11.135556] cloud-init[1011]: Generating public/private ecdsa key pair.
[   11.135766] cloud-init[1011]: Your identification has been saved in /etc/ssh/ssh_host_ecdsa_key.
[   11.136341] cloud-init[1011]: Your public key has been saved in /etc/ssh/ssh_host_ecdsa_key.pub.
[   11.136743] cloud-init[1011]: The key fingerprint is:
[   11.137176] cloud-init[1011]: SHA256:fG/c8lZ9/D9fczcN24s1PhgO3nTrB+Dd+4iZizfNrCU root@ubuntu-bionic
[   11.137583] cloud-init[1011]: The key's randomart image is:
[   11.137841] cloud-init[1011]: +---[ECDSA 256]---+
[   11.138237] cloud-init[1011]: |                 |
[   11.138502] cloud-init[1011]: |                 |
[   11.138764] cloud-init[1011]: |                 |
[   11.139086] cloud-init[1011]: |       .    .    |
[   11.139406] cloud-init[1011]: |        S .. o.o.|
[   11.139718] cloud-init[1011]: |         . +.+o=B|
[   11.140587] cloud-init[1011]: |          . E+BB@|
[   11.141235] cloud-init[1011]: |           +o%O*@|
[   11.141976] cloud-init[1011]: |          ..**++@|
[   11.142486] cloud-init[1011]: +----[SHA256]-----+
[   11.143507] cloud-init[1011]: Generating public/private ed25519 key pair.
[   11.143853] cloud-init[1011]: Your identification has been saved in /etc/ssh/ssh_host_ed25519_key.
[   11.144354] cloud-init[1011]: Your public key has been saved in /etc/ssh/ssh_host_ed25519_key.pub.
[   11.144467] cloud-init[1011]: The key fingerprint is:
[   11.144834] cloud-init[1011]: SHA256:ZAA0aGQP6F6twAXdFPgFJPQYNtPqhAQH8CIRgen08bo root@ubuntu-bionic
[   11.145211] cloud-init[1011]: The key's randomart image is:
[   11.145568] cloud-init[1011]: +--[ED25519 256]--+
[   11.145951] cloud-init[1011]: |@OOXX*+          |
[   11.146304] cloud-init[1011]: |+B+BB+ o         |
[   11.146652] cloud-init[1011]: |O.=.B.. o        |
[   11.147001] cloud-init[1011]: |.B = + o         |
[   11.147349] cloud-init[1011]: |. = o   S        |
[   11.147690] cloud-init[1011]: | . +             |
[   11.148104] cloud-init[1011]: |    .            |
[   11.148400] cloud-init[1011]: |   E             |
[   11.148784] cloud-init[1011]: |                 |
[   11.149103] cloud-init[1011]: +----[SHA256]-----+
[0;32m  OK  [0m] Reached target System Initialization.
[[0;32m  OK  [0m] Started Ubuntu Advantage Timer for running repeated jobs.
         Starting LXD - unix socket.
         Starting Socket activation for snappy daemon.
[[0;32m  OK  [0m] Listening on UUID daemon activation socket.
[[0;32m  OK  [0m] Started Daily apt download activities.
[[0;32m  OK  [0m] Started Daily apt upgrade and clean activities.
[[0;32m  OK  [0m] Started Discard unused blocks once a week.
[[0;32m  OK  [0m] Listening on cloud-init hotplug hook socket.
[[0;32m  OK  [0m] Started ACPI Events Check.
[[0;32m  OK  [0m] Reached target Paths.
[[0;32m  OK  [0m] Listening on Open-iSCSI iscsid Socket.
[[0;32m  OK  [0m] Listening on ACPID Listen Socket.
[[0;32m  OK  [0m] Started Daily Cleanup of Temporary Directories.
[[0;32m  OK  [0m] Listening on D-Bus System Message Bus Socket.
[[0;32m  OK  [0m] Started Message of the Day.
[[0;32m  OK  [0m] Reached target Timers.
[[0;32m  OK  [0m] Reached target Cloud-config availability.
[[0;32m  OK  [0m] Reached target Network is Online.
[[0;32m  OK  [0m] Reached target Remote File Systems (Pre).
[[0;32m  OK  [0m] Reached target Remote File Systems.
         Starting Availability of block devices...
[[0;32m  OK  [0m] Listening on LXD - unix socket.
[[0;32m  OK  [0m] Listening on Socket activation for snappy daemon.
[[0;32m  OK  [0m] Started Availability of block devices.
[[0;32m  OK  [0m] Reached target Sockets.
[[0;32m  OK  [0m] Reached target Basic System.
[[0;32m  OK  [0m] Started D-Bus System Message Bus.
         Starting Permit User Sessions...
         Starting LXD - container startup/shutdown...
         Starting Virtualbox guest utils...
[[0;32m  OK  [0m] Started irqbalance daemon.
         Starting LSB: automatic crash report generation...
[[0;32m  OK  [0m] Started Deferred execution scheduler.
[[0;32m  OK  [0m] Started Regular background program processing daemon.
         Starting Pollinate to seed the pseudo random number generator...
         Starting System Logging Service...
[[0;32m  OK  [0m] Started FUSE filesystem for LXC.
         Starting Login Service...
[[0;32m  OK  [0m] Reached target Login Prompts (Pre).
         Starting LSB: Record successful boot for GRUB...
         Starting Snap Daemon...
         Starting Accounts Service...
         Starting Dispatcher daemon for systemd-networkd...
[[0;32m  OK  [0m] Started System Logging Service.
[[0;32m  OK  [0m] Started Permit User Sessions.
[[0;32m  OK  [0m] Started LXD - container startup/shutdown.
[[0;32m  OK  [0m] Started Login Service.
[[0;32m  OK  [0m] Started Unattended Upgrades Shutdown.
         Starting Terminate Plymouth Boot Screen...
         Starting Hold until boot process finishes up...
[[0;32m  OK  [0m] Started Hold until boot process finishes up.
[[0;32m  OK  [0m] Started Serial Getty on ttyS0.
         Starting Set console scheme...
[[0;32m  OK  [0m] Started Terminate Plymouth Boot Screen.
[[0;32m  OK  [0m] Started LSB: automatic crash report generation.
[[0;32m  OK  [0m] Started Set console scheme.
[[0;32m  OK  [0m] Created slice system-getty.slice.
[[0;32m  OK  [0m] Started Getty on tty1.
[[0;32m  OK  [0m] Reached target Login Prompts.
         Starting Authorization Manager...
[[0;32m  OK  [0m] Started Authorization Manager.
[[0;32m  OK  [0m] Started Accounts Service.
[[0;32m  OK  [0m] Started LSB: Record successful boot for GRUB.
[[0;32m  OK  [0m] Started Virtualbox guest utils.
[[0;32m  OK  [0m] Started Dispatcher daemon for systemd-networkd.
[[0;32m  OK  [0m] Started Snap Daemon.
         Starting Wait until snapd is fully seeded...
         Starting Time & Date Service...
[[0;32m  OK  [0m] Started Time & Date Service.
[[0;32m  OK  [0m] Started Pollinate to seed the pseudo random number generator.
         Starting OpenBSD Secure Shell server...
[[0;32m  OK  [0m] Started OpenBSD Secure Shell server.
[[0;32m  OK  [0m] Created slice User Slice of vagrant.
         Starting User Manager for UID 1000...
[[0;32m  OK  [0m] Started Session 1 of user vagrant.
[[0;32m  OK  [0m] Started User Manager for UID 1000.
[[0;32m  OK  [0m] Started Wait until snapd is fully seeded.
         Starting Apply the settings specified in cloud-config...
[   15.329208] cloud-init[1745]: Cloud-init v. 23.1.2-0ubuntu0~18.04.1 running 'modules:config' at Mon, 30 Sep 2024 09:56:08 +0000. Up 15.06 seconds.
[[0;32m  OK  [0m] Started Apply the settings specified in cloud-config.
[[0;32m  OK  [0m] Reached target Multi-User System.
         Starting Execute cloud user/final scripts...
[[0;32m  OK  [0m] Reached target Graphical Interface.
         Starting Update UTMP about System Runlevel Changes...
[[0;32m  OK  [0m] Started Update UTMP about System Runlevel Changes.
ci-info: no authorized SSH keys fingerprints found for user ubuntu.
<14>Sep 30 09:56:09 cloud-init: #############################################################
<14>Sep 30 09:56:09 cloud-init: -----BEGIN SSH HOST KEY FINGERPRINTS-----
<14>Sep 30 09:56:09 cloud-init: 1024 SHA256:LS/s7e0PA5oTTnB9KAddwtfF24P+YttXK6XUtm/IFqs root@ubuntu-bionic (DSA)
<14>Sep 30 09:56:09 cloud-init: 256 SHA256:fG/c8lZ9/D9fczcN24s1PhgO3nTrB+Dd+4iZizfNrCU root@ubuntu-bionic (ECDSA)
<14>Sep 30 09:56:09 cloud-init: 256 SHA256:ZAA0aGQP6F6twAXdFPgFJPQYNtPqhAQH8CIRgen08bo root@ubuntu-bionic (ED25519)
<14>Sep 30 09:56:09 cloud-init: 2048 SHA256:2HkvKYHIytMApakx4z24fjpZJWk8Egp9UEOhnlO6LBs root@ubuntu-bionic (RSA)
<14>Sep 30 09:56:09 cloud-init: -----END SSH HOST KEY FINGERPRINTS-----
<14>Sep 30 09:56:09 cloud-init: #############################################################
-----BEGIN SSH HOST KEY KEYS-----
ecdsa-sha2-nistp256 AAAAE2VjZHNhLXNoYTItbmlzdHAyNTYAAAAIbmlzdHAyNTYAAABBBN2xPG+KjvmiB029oiSR9SSHqINcvFOG3iHxhdGSYEu46GWAlcPQQyFioaqedMeHcpiEzsNbBJFxTUlxUaHiqjY= root@ubuntu-bionic
ssh-ed25519 AAAAC3NzaC1lZDI1NTE5AAAAIHDDfbx6DvkLon0fog7H5bmBGM88R/vcLHT5/GFHDIEj root@ubuntu-bionic
ssh-rsa AAAAB3NzaC1yc2EAAAADAQABAAABAQCp6XAz625rrVgZWz23AsiXI3rn9pDcRYUsvHQAk9BZ7Z65syFItOFu60EWg2YJvZytZqgbPOaV+RwXJWU2zOCJTKN8k1conFfPEJaAvuOwVstmsScQSZFOdFOC4C/QPdXYV2RmsxXnfW67ZXrk7W+rdAqfEONHx+alUMYpk8O5MCtTBVoVmoGH/luG4M6c+fb2rvNnGNgmqEDD6Budo2jwsiadUkHIJf1exX3LPM7jV26a7vPf5to0/WTOyny1Lg2JO4NAwdY4iNTxFoTjaP0ZZ2TA4JfF7WabqyWpnNo/YcbbCgmYAmVSOVMBNPZ4EbXV7t+TCDCXtYnzcAgmbVfX root@ubuntu-bionic
-----END SSH HOST KEY KEYS-----
[   15.839208] cloud-init[1834]: Cloud-init v. 23.1.2-0ubuntu0~18.04.1 running 'modules:final' at Mon, 30 Sep 2024 09:56:09 +0000. Up 15.70 seconds.
[   15.840769] cloud-init[1834]: Cloud-init v. 23.1.2-0ubuntu0~18.04.1 finished at Mon, 30 Sep 2024 09:56:09 +0000. Datasource DataSourceNoCloud [seed=/dev/sdb][dsmode=net].  Up 15.83 seconds
[[0;32m  OK  [0m] Started Execute cloud user/final scripts.
[[0;32m  OK  [0m] Reached target Cloud-init target.

Ubuntu 18.04.6 LTS ubuntu-bionic ttyS0

ubuntu-bionic login: [[0;32m  OK  [0m] Stopped Unattended Upgrades Shutdown.
[[0;32m  OK  [0m] Stopped target Timers.
[[0;32m  OK  [0m] Stopped Message of the Day.
[[0;32m  OK  [0m] Stopped Discard unused blocks once a week.
         Stopping Availability of block devices...
         Stopping Session 7 of user vagrant.
         Stopping Authorization Manager...
[[0;32m  OK  [0m] Stopped Ubuntu Advantage Timer for running repeated jobs.
[[0;32m  OK  [0m] Closed Load/Save RF Kill Switch Status /dev/rfkill Watch.
[[0;32m  OK  [0m] Stopped target Cloud-init target.
[[0;32m  OK  [0m] Stopped Execute cloud user/final scripts.
[[0;32m  OK  [0m] Stopped target Graphical Interface.
[[0;32m  OK  [0m] Stopped target Host and Network Name Lookups.
[[0;32m  OK  [0m] Stopped Apply the settings specified in cloud-config.
[[0;32m  OK  [0m] Stopped target Multi-User System.
         Stopping D-Bus System Message Bus...
         Stopping System Logging Service...
         Stopping Virtualbox guest utils...
         Stopping LSB: Record successful boot for GRUB...
         Stopping FUSE filesystem for LXC...
[[0;32m  OK  [0m] Stopped target Login Prompts.
         Stopping Serial Getty on ttyS0...
         Stopping Getty on tty1...
         Stopping irqbalance daemon...
         Stopping LXD - container startup/shutdown...
         Stopping Dispatcher daemon for systemd-networkd...
         Stopping OpenBSD Secure Shell server...
         Stopping LSB: automatic crash report generation...
         Stopping Regular background program processing daemon...
         Stopping User Manager for UID 1000...
[[0;32m  OK  [0m] Stopped Daily apt upgrade and clean activities.
[[0;32m  OK  [0m] Stopped Daily apt download activities.
[[0;32m  OK  [0m] Stopped target System Time Synchronized.
[[0;32m  OK  [0m] Stopped Daily Cleanup of Temporary Directories.
         Stopping Accounts Service...
[[0;32m  OK  [0m] Stopped target Cloud-config availability.
         Stopping Deferred execution scheduler...
[[0;32m  OK  [0m] Stopped Wait until snapd is fully seeded.
[[0;32m  OK  [0m] Unmounted /var/lib/lxcfs.
[[0;32m  OK  [0m] Stopped irqbalance daemon.
[[0;32m  OK  [0m] Stopped Deferred execution scheduler.
[[0;32m  OK  [0m] Stopped Regular background program processing daemon.
[[0;32m  OK  [0m] Stopped System Logging Service.
[[0;32m  OK  [0m] Stopped Dispatcher daemon for systemd-networkd.
[[0;32m  OK  [0m] Stopped Accounts Service.
[[0;32m  OK  [0m] Stopped Serial Getty on ttyS0.
[[0;32m  OK  [0m] Stopped Getty on tty1.
[[0;32m  OK  [0m] Stopped Authorization Manager.
[[0;32m  OK  [0m] Stopped OpenBSD Secure Shell server.
[[0;32m  OK  [0m] Stopped User Manager for UID 1000.
[[0;32m  OK  [0m] Stopped Availability of block devices.
[[0;32m  OK  [0m] Stopped D-Bus System Message Bus.
[[0;32m  OK  [0m] Stopped FUSE filesystem for LXC.
[[0;32m  OK  [0m] Stopped Session 7 of user vagrant.
[[0;32m  OK  [0m] Stopped LXD - container startup/shutdown.
[[0;32m  OK  [0m] Removed slice User Slice of vagrant.
         Stopping Login Service...
[[0;32m  OK  [0m] Removed slice system-getty.slice.
[[0;32m  OK  [0m] Removed slice system-serial\x2dgetty.slice.
[[0;32m  OK  [0m] Stopped target Login Prompts (Pre).
         Stopping Permit User Sessions...
[[0;32m  OK  [0m] Stopped LSB: automatic crash report generation.
[[0;32m  OK  [0m] Stopped LSB: Record successful boot for GRUB.
[[0;32m  OK  [0m] Stopped Permit User Sessions.
[[0;32m  OK  [0m] Stopped target Remote File Systems.
[[0;32m  OK  [0m] Stopped Virtualbox guest utils.
[[0;32m  OK  [0m] Stopped Login Service.
[[0;32m  OK  [0m] Stopped target User and Group Name Lookups.
[[0;32m  OK  [0m] Stopped target Basic System.
[[0;32m  OK  [0m] Stopped target Sockets.
[[0;32m  OK  [0m] Closed Open-iSCSI iscsid Socket.
[[0;32m  OK  [0m] Closed UUID daemon activation socket.
[[0;32m  OK  [0m] Closed ACPID Listen Socket.
[[0;32m  OK  [0m] Closed Socket activation for snappy daemon.
[[0;32m  OK  [0m] Closed LXD - unix socket.
[[0;32m  OK  [0m] Closed Syslog Socket.
[[0;32m  OK  [0m] Closed cloud-init hotplug hook socket.
[[0;32m  OK  [0m] Stopped target Paths.
[[0;32m  OK  [0m] Stopped ACPI Events Check.
[[0;32m  OK  [0m] Stopped target Slices.
[[0;32m  OK  [0m] Removed slice User and Session Slice.
[[0;32m  OK  [0m] Closed D-Bus System Message Bus Socket.
[[0;32m  OK  [0m] Stopped target System Initialization.
[[0;32m  OK  [0m] Stopped target Local Encrypted Volumes.
[[0;32m  OK  [0m] Stopped Forward Password Requests to Wall Directory Watch.
[[0;32m  OK  [0m] Stopped Dispatch Password Requests to Console Directory Watch.
         Stopping Load/Save Random Seed...
[[0;32m  OK  [0m] Stopped Commit a transient machine-id on disk.
[[0;32m  OK  [0m] Stopped target Local File Systems.
         Unmounting /run/user/1000...
         Unmounting /vagrant...
[[0;32m  OK  [0m] Stopped target Mounted snaps.
[[0;32m  OK  [0m] Stopped target Mounting snaps.
         Stopping Update UTMP about System Boot/Shutdown...
[[0;32m  OK  [0m] Stopped Load/Save Random Seed.
[[0;32m  OK  [0m] Unmounted /run/user/1000.
[[0;32m  OK  [0m] Stopped target Swap.
[[0;32m  OK  [0m] Unmounted /vagrant.
[[0;32m  OK  [0m] Reached target Unmount All Filesystems.
[[0;32m  OK  [0m] Stopped target Network is Online.
[[0;32m  OK  [0m] Stopped target Network.
         Stopping Network Name Resolution...
[[0;32m  OK  [0m] Stopped Initial cloud-init job (metadata service crawler).
[[0;32m  OK  [0m] Stopped target Local File Systems (Pre).
         Stopping Monitoring of LVM2 mirrors…ng dmeventd or progress polling...
[[0;32m  OK  [0m] Stopped Create Static Device Nodes in /dev.
[[0;32m  OK  [0m] Stopped target Remote File Systems (Pre).
[[0;32m  OK  [0m] Stopped Update UTMP about System Boot/Shutdown.
[[0;32m  OK  [0m] Stopped Monitoring of LVM2 mirrors,…sing dmeventd or progress polling.
         Stopping LVM2 metadata daemon...
[[0;32m  OK  [0m] Stopped LVM2 metadata daemon.
[[0;32m  OK  [0m] Stopped Network Name Resolution.
         Stopping Network Service...
[[0;32m  OK  [0m] Stopped Network Service.
[[0;32m  OK  [0m] Stopped Apply Kernel Variables.
[[0;32m  OK  [0m] Stopped Load Kernel Modules.
[[0;32m  OK  [0m] Stopped target Network (Pre).
[[0;32m  OK  [0m] Stopped Initial cloud-init job (pre-networking).
[[0;32m  OK  [0m] Stopped Remount Root and Kernel File Systems.
[[0;32m  OK  [0m] Reached target Shutdown.
[[0;32m  OK  [0m] Reached target Final Step.
         Starting Power-Off...
[  503.770967] reboot: Power down
